#
# A fatal error has been detected by the Java Runtime Environment:
#
#  SIGSEGV (0xb) at pc=0x000000010e9f9027, pid=47975, tid=0x0000000000013c07
#
# JRE version: Java(TM) SE Runtime Environment (8.0_201-b09) (build 1.8.0_201-b09)
# Java VM: Java HotSpot(TM) 64-Bit Server VM (25.201-b09 mixed mode bsd-amd64 compressed oops)
# Problematic frame:
# C  [libawt_lwawt.dylib+0x1c027]  OGLSD_SetScratchSurface+0x49
#
# Failed to write core dump. Core dumps have been disabled. To enable core dumping, try "ulimit -c unlimited" before starting Java again
#
# If you would like to submit a bug report, please visit:
#   http://bugreport.java.com/bugreport/crash.jsp
# The crash happened outside the Java Virtual Machine in native code.
# See problematic frame for where to report the bug.
#

---------------  T H R E A D  ---------------

Current thread (0x00007fc1c59c7800):  JavaThread "Java2D Queue Flusher" daemon [_thread_in_native, id=80903, stack(0x0000700004a9b000,0x0000700004b9b000)]

siginfo: si_signo: 11 (SIGSEGV), si_code: 1 (SEGV_MAPERR), si_addr: 0x0000000000000002

Registers:
RAX=0x000000010ea1a5ca, RBX=0x0000000000000002, RCX=0x0000000000000047, RDX=0x000000010ea1ab14
RSP=0x0000700004b9a810, RBP=0x0000700004b9a830, RSI=0x00007fc1c9ef1c00, RDI=0x00007fc1c59c79f8
R8 =0x00000000f0327c91, R9 =0x0000000000000000, R10=0x00000001105ce9f8, R11=0x0000000000000020
R12=0x0000000000000000, R13=0x00000007819463a8, R14=0x00007fc1c59c79f8, R15=0x00007fc1c59c7800
RIP=0x000000010e9f9027, EFLAGS=0x0000000000010202, ERR=0x0000000000000004
  TRAPNO=0x000000000000000e

Top of Stack: (sp=0x0000700004b9a810)
0x0000700004b9a810:   00007fc1c9ef1c00 0000000000000000
0x0000700004b9a820:   00007fc1c6938010 00007fc1c59c7800
0x0000700004b9a830:   0000700004b9a8b0 000000010ea1a5f2
0x0000700004b9a840:   0000000000000064 00007fc1c4f6b798
0x0000700004b9a850:   0000700004b9a8b0 0000000107f52a12
0x0000700004b9a860:   0000000000000005 00007fc1c59c7800
0x0000700004b9a870:   0000000781946301 00007fc1c6938020
0x0000700004b9a880:   0000700000b9a800 00007fc1c59c79f8
0x0000700004b9a890:   0000000000000000 0000000000000000
0x0000700004b9a8a0:   0000700004b9a908 00007fc1c59c7800
0x0000700004b9a8b0:   0000700004b9a900 00000001105cea6a
0x0000700004b9a8c0:   000000078193e470 0000000781945a40
0x0000700004b9a8d0:   000000010b9fd028 0000000000000000
0x0000700004b9a8e0:   000000010b9fcf48 0000000000000000
0x0000700004b9a8f0:   0000700004b9a910 0000000000000000
0x0000700004b9a900:   00000000f0327c8e 0000000110a1fb44
0x0000700004b9a910:   000000078193e470 00000007819463a8
0x0000700004b9a920:   0000000000000000 0000000000000000
0x0000700004b9a930:   00000007819463a8 0000700004b9a9d0
0x0000700004b9a940:   0000000000000001 0000000000000000
0x0000700004b9a950:   0000700004b9a9d0 000000010fdf47a7
0x0000700004b9a960:   0000000781947040 00000007ad8e2830
0x0000700004b9a970:   0000700000001fa0 000000000000000a
0x0000700004b9a980:   00007fc1c59c7800 0000000000000001
0x0000700004b9a990:   000000010fdf471f 000000010b94e640
0x0000700004b9a9a0:   0000700004b9aa68 0000700004b9ad00
0x0000700004b9a9b0:   000000010000000a 000000010b94e640
0x0000700004b9a9c0:   000000010fe07ae0 0000700004b9ac70
0x0000700004b9a9d0:   0000700004b9ab80 0000000107ef0bea
0x0000700004b9a9e0:   0000700000000001 00007fc1c59c7800
0x0000700004b9a9f0:   00007fc1c59c7800 0000700004b9ad00
0x0000700004b9aa00:   00007fc1c4f6b790 000000010fe07ae0 

Instructions: (pc=0x000000010e9f9027)
0x000000010e9f9007:   c0 e9 82 00 00 00 48 8b 5e 10 48 85 db 75 0e bf
0x000000010e9f9017:   01 00 00 00 48 8d 15 a8 96 03 00 eb d6 49 89 fe
0x000000010e9f9027:   4c 8b 3b 30 c0 e8 ff bc 02 00 49 8b 3f 49 89 c4
0x000000010e9f9037:   48 8b 35 02 29 06 00 30 c0 e8 4d be 02 00 48 85 

Register to memory mapping:

RAX=0x000000010ea1a5ca: Java_sun_java2d_opengl_OGLRenderQueue_flushBuffer+0x612 in /Library/Java/JavaVirtualMachines/jdk1.8.0_201.jdk/Contents/Home/jre/lib/libawt_lwawt.dylib at 0x000000010e9dd000
RBX=0x0000000000000002 is an unknown value
RCX=0x0000000000000047 is an unknown value
RDX=0x000000010ea1ab14: Java_sun_java2d_opengl_OGLRenderQueue_flushBuffer+0xb5c in /Library/Java/JavaVirtualMachines/jdk1.8.0_201.jdk/Contents/Home/jre/lib/libawt_lwawt.dylib at 0x000000010e9dd000
RSP=0x0000700004b9a810 is pointing into the stack for thread: 0x00007fc1c59c7800
RBP=0x0000700004b9a830 is pointing into the stack for thread: 0x00007fc1c59c7800
RSI=0x00007fc1c9ef1c00 is an unknown value
RDI=0x00007fc1c59c79f8 is an unknown value
R8 =0x00000000f0327c91 is an unknown value
R9 =0x0000000000000000 is an unknown value
R10=0x00000001105ce9f8 is at entry_point+56 in (nmethod*)0x00000001105ce850
R11=0x0000000000000020 is an unknown value
R12=0x0000000000000000 is an unknown value
R13=0x00000007819463a8 is an oop
sun.java2d.opengl.OGLRenderQueue$QueueFlusher 
 - klass: 'sun/java2d/opengl/OGLRenderQueue$QueueFlusher'
R14=0x00007fc1c59c79f8 is an unknown value
R15=0x00007fc1c59c7800 is a thread


Stack: [0x0000700004a9b000,0x0000700004b9b000],  sp=0x0000700004b9a810,  free space=1022k
Native frames: (J=compiled Java code, j=interpreted, Vv=VM code, C=native code)
C  [libawt_lwawt.dylib+0x1c027]  OGLSD_SetScratchSurface+0x49
C  [libawt_lwawt.dylib+0x3d5f2]  Java_sun_java2d_opengl_OGLRenderQueue_flushBuffer+0x63a
J 2716  sun.java2d.opengl.OGLRenderQueue.flushBuffer(JI)V (0 bytes) @ 0x00000001105cea6a [0x00000001105ce9c0+0xaa]
J 4815% C2 sun.java2d.opengl.OGLRenderQueue$QueueFlusher.run()V (234 bytes) @ 0x0000000110a1fb44 [0x0000000110a1f840+0x304]
v  ~StubRoutines::call_stub
V  [libjvm.dylib+0x2f0bea]
V  [libjvm.dylib+0x2f138e]
V  [libjvm.dylib+0x2f153a]
V  [libjvm.dylib+0x34be29]
V  [libjvm.dylib+0x570c33]
V  [libjvm.dylib+0x57232e]
V  [libjvm.dylib+0x48f3ca]
C  [libsystem_pthread.dylib+0x3661]  _pthread_body+0x154
C  [libsystem_pthread.dylib+0x350d]  _pthread_body+0x0
C  [libsystem_pthread.dylib+0x2bf9]  thread_start+0xd
C  0x0000000000000000

Java frames: (J=compiled Java code, j=interpreted, Vv=VM code)
J 2716  sun.java2d.opengl.OGLRenderQueue.flushBuffer(JI)V (0 bytes) @ 0x00000001105ce9f8 [0x00000001105ce9c0+0x38]
J 4815% C2 sun.java2d.opengl.OGLRenderQueue$QueueFlusher.run()V (234 bytes) @ 0x0000000110a1fb44 [0x0000000110a1f840+0x304]
v  ~StubRoutines::call_stub

---------------  P R O C E S S  ---------------

Java Threads: ( => current thread )
  0x00007fc1c6d39800 JavaThread "Thread-362" [_thread_blocked, id=79523, stack(0x0000700004ca1000,0x0000700004da1000)]
  0x00007fc1c6c92000 JavaThread "TimerQueue" daemon [_thread_blocked, id=75643, stack(0x0000700004da4000,0x0000700004ea4000)]
  0x00007fc1c5a05800 JavaThread "DestroyJavaVM" [_thread_blocked, id=6403, stack(0x00007000038e2000,0x00007000039e2000)]
  0x00007fc1c6870800 JavaThread "AWT-EventQueue-0" [_thread_in_Java, id=12847, stack(0x0000700004998000,0x0000700004a98000)]
  0x00007fc1c61ee800 JavaThread "AWT-Shutdown" [_thread_blocked, id=85611, stack(0x000070000478f000,0x000070000488f000)]
  0x00007fc1c5a05000 JavaThread "Java2D Disposer" daemon [_thread_blocked, id=77855, stack(0x0000700004b9e000,0x0000700004c9e000)]
=>0x00007fc1c59c7800 JavaThread "Java2D Queue Flusher" daemon [_thread_in_native, id=80903, stack(0x0000700004a9b000,0x0000700004b9b000)]
  0x00007fc1c60d3000 JavaThread "AppKit Thread" daemon [_thread_in_native, id=775, stack(0x00007ffee80e7000,0x00007ffee88e7000)]
  0x00007fc1c602a000 JavaThread "Service Thread" daemon [_thread_blocked, id=16643, stack(0x0000700004589000,0x0000700004689000)]
  0x00007fc1c5027000 JavaThread "C1 CompilerThread2" daemon [_thread_blocked, id=16899, stack(0x0000700004486000,0x0000700004586000)]
  0x00007fc1c6002800 JavaThread "C2 CompilerThread1" daemon [_thread_blocked, id=13315, stack(0x0000700004383000,0x0000700004483000)]
  0x00007fc1c601d000 JavaThread "C2 CompilerThread0" daemon [_thread_blocked, id=17155, stack(0x0000700004280000,0x0000700004380000)]
  0x00007fc1c680e800 JavaThread "Signal Dispatcher" daemon [_thread_blocked, id=17667, stack(0x000070000417d000,0x000070000427d000)]
  0x00007fc1c6018800 JavaThread "Finalizer" daemon [_thread_blocked, id=12035, stack(0x0000700003ff7000,0x00007000040f7000)]
  0x00007fc1c5025800 JavaThread "Reference Handler" daemon [_thread_blocked, id=11779, stack(0x0000700003ef4000,0x0000700003ff4000)]

Other Threads:
  0x00007fc1c5024800 VMThread [stack: 0x0000700003df1000,0x0000700003ef1000] [id=11267]
  0x00007fc1c680f800 WatcherThread [stack: 0x000070000468c000,0x000070000478c000] [id=16387]

VM state:synchronizing (normal execution)

VM Mutex/Monitor currently owned by a thread:  ([mutex/lock_event])
[0x00007fc1c4c01450] Safepoint_lock - owner thread: 0x00007fc1c5024800
[0x00007fc1c4c014d0] Threads_lock - owner thread: 0x00007fc1c5024800

heap address: 0x0000000781800000, size: 1000 MB, Compressed Oops mode: Zero based, Oop shift amount: 3
Narrow klass base: 0x0000000000000000, Narrow klass shift: 3
Compressed class space size: 1073741824 Address: 0x00000007c0000000

Heap:
 PSYoungGen      total 303616K, used 12299K [0x00000007ab300000, 0x00000007bfd80000, 0x00000007c0000000)
  eden space 284672K, 4% used [0x00000007ab300000,0x00000007abf02d38,0x00000007bc900000)
  from space 18944K, 0% used [0x00000007beb00000,0x00000007beb00000,0x00000007bfd80000)
  to   space 24576K, 0% used [0x00000007bcd80000,0x00000007bcd80000,0x00000007be580000)
 ParOldGen       total 150016K, used 84323K [0x0000000781800000, 0x000000078aa80000, 0x00000007ab300000)
  object space 150016K, 56% used [0x0000000781800000,0x0000000786a58d20,0x000000078aa80000)
 Metaspace       used 24477K, capacity 24920K, committed 25088K, reserved 1071104K
  class space    used 2940K, capacity 3047K, committed 3072K, reserved 1048576K

Card table byte_map: [0x0000000108f79000,0x000000010916e000] byte_map_base: 0x000000010536d000

Marking Bits: (ParMarkBitMap*) 0x00000001084fbe40
 Begin Bits: [0x00000001092bc000, 0x000000010a25c000)
 End Bits:   [0x000000010a25c000, 0x000000010b1fc000)

Polling page: 0x0000000107396000

CodeCache: size=245760Kb used=22820Kb max_used=24689Kb free=222939Kb
 bounds [0x000000010fdf4000, 0x0000000111654000, 0x000000011edf4000]
 total_blobs=6945 nmethods=6315 adapters=540
 compilation: enabled

Compilation events (10 events):
Event: 317181.618 Thread 0x00007fc1c5027000 8710       3       sun.java2d.pipe.DrawImage::copyImage (91 bytes)
Event: 317182.044 Thread 0x00007fc1c5027000 nmethod 8710 0x00000001104e9350 code [0x00000001104e9520, 0x00000001104e9e28]
Event: 317184.394 Thread 0x00007fc1c601d000 8711       4       sun.java2d.SunGraphics2D::transformShape (97 bytes)
Event: 317184.615 Thread 0x00007fc1c601d000 nmethod 8711 0x00000001105ef610 code [0x00000001105ef7a0, 0x00000001105efa68]
Event: 345010.945 Thread 0x00007fc1c601d000 8712       4       sun.java2d.pipe.ValidatePipe::drawRect (25 bytes)
Event: 345011.623 Thread 0x00007fc1c6002800 8713  s    4       java.util.Hashtable::remove (133 bytes)
Event: 345012.063 Thread 0x00007fc1c6002800 nmethod 8713 0x000000011129fa10 code [0x000000011129fb80, 0x00000001112a0118]
Event: 345012.267 Thread 0x00007fc1c5027000 8714       3       sun.dc.pr.Rasterizer$ConsumerDisposer::dispose (28 bytes)
Event: 345012.275 Thread 0x00007fc1c5027000 nmethod 8714 0x00000001109aba50 code [0x00000001109abbe0, 0x00000001109abfa8]
Event: 345012.457 Thread 0x00007fc1c601d000 nmethod 8712 0x0000000111457750 code [0x00000001114579e0, 0x0000000111458938]

GC Heap History (10 events):
Event: 184566.942 GC heap before
{Heap before GC invocations=148 (full 45):
 PSYoungGen      total 315904K, used 297408K [0x00000007ab300000, 0x00000007c0000000, 0x00000007c0000000)
  eden space 296960K, 100% used [0x00000007ab300000,0x00000007bd500000,0x00000007bd500000)
  from space 18944K, 2% used [0x00000007bed80000,0x00000007bedf0000,0x00000007c0000000)
  to   space 22016K, 0% used [0x00000007bd500000,0x00000007bd500000,0x00000007bea80000)
 ParOldGen       total 141312K, used 98594K [0x0000000781800000, 0x000000078a200000, 0x00000007ab300000)
  object space 141312K, 69% used [0x0000000781800000,0x0000000787848910,0x000000078a200000)
 Metaspace       used 24432K, capacity 24848K, committed 25088K, reserved 1071104K
  class space    used 2937K, capacity 3047K, committed 3072K, reserved 1048576K
Event: 184566.947 GC heap after
Heap after GC invocations=148 (full 45):
 PSYoungGen      total 318976K, used 416K [0x00000007ab300000, 0x00000007c0000000, 0x00000007c0000000)
  eden space 296960K, 0% used [0x00000007ab300000,0x00000007ab300000,0x00000007bd500000)
  from space 22016K, 1% used [0x00000007bd500000,0x00000007bd568000,0x00000007bea80000)
  to   space 21504K, 0% used [0x00000007beb00000,0x00000007beb00000,0x00000007c0000000)
 ParOldGen       total 141312K, used 98978K [0x0000000781800000, 0x000000078a200000, 0x00000007ab300000)
  object space 141312K, 70% used [0x0000000781800000,0x00000007878a8910,0x000000078a200000)
 Metaspace       used 24432K, capacity 24848K, committed 25088K, reserved 1071104K
  class space    used 2937K, capacity 3047K, committed 3072K, reserved 1048576K
}
Event: 184567.424 GC heap before
{Heap before GC invocations=149 (full 45):
 PSYoungGen      total 318976K, used 297376K [0x00000007ab300000, 0x00000007c0000000, 0x00000007c0000000)
  eden space 296960K, 100% used [0x00000007ab300000,0x00000007bd500000,0x00000007bd500000)
  from space 22016K, 1% used [0x00000007bd500000,0x00000007bd568000,0x00000007bea80000)
  to   space 21504K, 0% used [0x00000007beb00000,0x00000007beb00000,0x00000007c0000000)
 ParOldGen       total 141312K, used 98978K [0x0000000781800000, 0x000000078a200000, 0x00000007ab300000)
  object space 141312K, 70% used [0x0000000781800000,0x00000007878a8910,0x000000078a200000)
 Metaspace       used 24432K, capacity 24848K, committed 25088K, reserved 1071104K
  class space    used 2937K, capacity 3047K, committed 3072K, reserved 1048576K
Event: 184567.428 GC heap after
Heap after GC invocations=149 (full 45):
 PSYoungGen      total 317440K, used 480K [0x00000007ab300000, 0x00000007bfe80000, 0x00000007c0000000)
  eden space 297472K, 0% used [0x00000007ab300000,0x00000007ab300000,0x00000007bd580000)
  from space 19968K, 2% used [0x00000007beb00000,0x00000007beb78000,0x00000007bfe80000)
  to   space 20992K, 0% used [0x00000007bd580000,0x00000007bd580000,0x00000007bea00000)
 ParOldGen       total 141312K, used 99322K [0x0000000781800000, 0x000000078a200000, 0x00000007ab300000)
  object space 141312K, 70% used [0x0000000781800000,0x00000007878fe910,0x000000078a200000)
 Metaspace       used 24432K, capacity 24848K, committed 25088K, reserved 1071104K
  class space    used 2937K, capacity 3047K, committed 3072K, reserved 1048576K
}
Event: 227964.260 GC heap before
{Heap before GC invocations=150 (full 45):
 PSYoungGen      total 317440K, used 297952K [0x00000007ab300000, 0x00000007bfe80000, 0x00000007c0000000)
  eden space 297472K, 100% used [0x00000007ab300000,0x00000007bd580000,0x00000007bd580000)
  from space 19968K, 2% used [0x00000007beb00000,0x00000007beb78000,0x00000007bfe80000)
  to   space 20992K, 0% used [0x00000007bd580000,0x00000007bd580000,0x00000007bea00000)
 ParOldGen       total 141312K, used 99322K [0x0000000781800000, 0x000000078a200000, 0x00000007ab300000)
  object space 141312K, 70% used [0x0000000781800000,0x00000007878fe910,0x000000078a200000)
 Metaspace       used 24442K, capacity 24848K, committed 25088K, reserved 1071104K
  class space    used 2937K, capacity 3047K, committed 3072K, reserved 1048576K
Event: 227973.087 GC heap after
Heap after GC invocations=150 (full 45):
 PSYoungGen      total 318464K, used 10900K [0x00000007ab300000, 0x00000007c0000000, 0x00000007c0000000)
  eden space 297472K, 0% used [0x00000007ab300000,0x00000007ab300000,0x00000007bd580000)
  from space 20992K, 51% used [0x00000007bd580000,0x00000007be0251c0,0x00000007bea00000)
  to   space 21504K, 0% used [0x00000007beb00000,0x00000007beb00000,0x00000007c0000000)
 ParOldGen       total 141312K, used 99722K [0x0000000781800000, 0x000000078a200000, 0x00000007ab300000)
  object space 141312K, 70% used [0x0000000781800000,0x0000000787962910,0x000000078a200000)
 Metaspace       used 24442K, capacity 24848K, committed 25088K, reserved 1071104K
  class space    used 2937K, capacity 3047K, committed 3072K, reserved 1048576K
}
Event: 344925.267 GC heap before
{Heap before GC invocations=151 (full 45):
 PSYoungGen      total 318464K, used 307097K [0x00000007ab300000, 0x00000007c0000000, 0x00000007c0000000)
  eden space 297472K, 99% used [0x00000007ab300000,0x00000007bd441368,0x00000007bd580000)
  from space 20992K, 51% used [0x00000007bd580000,0x00000007be0251c0,0x00000007bea00000)
  to   space 21504K, 0% used [0x00000007beb00000,0x00000007beb00000,0x00000007c0000000)
 ParOldGen       total 141312K, used 99722K [0x0000000781800000, 0x000000078a200000, 0x00000007ab300000)
  object space 141312K, 70% used [0x0000000781800000,0x0000000787962910,0x000000078a200000)
 Metaspace       used 24477K, capacity 24920K, committed 25088K, reserved 1071104K
  class space    used 2940K, capacity 3047K, committed 3072K, reserved 1048576K
Event: 344949.196 GC heap after
Heap after GC invocations=151 (full 45):
 PSYoungGen      total 303616K, used 18696K [0x00000007ab300000, 0x00000007bfd80000, 0x00000007c0000000)
  eden space 284672K, 0% used [0x00000007ab300000,0x00000007ab300000,0x00000007bc900000)
  from space 18944K, 98% used [0x00000007beb00000,0x00000007bfd42280,0x00000007bfd80000)
  to   space 24576K, 0% used [0x00000007bcd80000,0x00000007bcd80000,0x00000007be580000)
 ParOldGen       total 141312K, used 122043K [0x0000000781800000, 0x000000078a200000, 0x00000007ab300000)
  object space 141312K, 86% used [0x0000000781800000,0x0000000788f2ef98,0x000000078a200000)
 Metaspace       used 24477K, capacity 24920K, committed 25088K, reserved 1071104K
  class space    used 2940K, capacity 3047K, committed 3072K, reserved 1048576K
}
Event: 344949.211 GC heap before
{Heap before GC invocations=152 (full 46):
 PSYoungGen      total 303616K, used 18696K [0x00000007ab300000, 0x00000007bfd80000, 0x00000007c0000000)
  eden space 284672K, 0% used [0x00000007ab300000,0x00000007ab300000,0x00000007bc900000)
  from space 18944K, 98% used [0x00000007beb00000,0x00000007bfd42280,0x00000007bfd80000)
  to   space 24576K, 0% used [0x00000007bcd80000,0x00000007bcd80000,0x00000007be580000)
 ParOldGen       total 141312K, used 122043K [0x0000000781800000, 0x000000078a200000, 0x00000007ab300000)
  object space 141312K, 86% used [0x0000000781800000,0x0000000788f2ef98,0x000000078a200000)
 Metaspace       used 24477K, capacity 24920K, committed 25088K, reserved 1071104K
  class space    used 2940K, capacity 3047K, committed 3072K, reserved 1048576K
Event: 345007.517 GC heap after
Heap after GC invocations=152 (full 46):
 PSYoungGen      total 303616K, used 0K [0x00000007ab300000, 0x00000007bfd80000, 0x00000007c0000000)
  eden space 284672K, 0% used [0x00000007ab300000,0x00000007ab300000,0x00000007bc900000)
  from space 18944K, 0% used [0x00000007beb00000,0x00000007beb00000,0x00000007bfd80000)
  to   space 24576K, 0% used [0x00000007bcd80000,0x00000007bcd80000,0x00000007be580000)
 ParOldGen       total 150016K, used 84323K [0x0000000781800000, 0x000000078aa80000, 0x00000007ab300000)
  object space 150016K, 56% used [0x0000000781800000,0x0000000786a58d20,0x000000078aa80000)
 Metaspace       used 24477K, capacity 24920K, committed 25088K, reserved 1071104K
  class space    used 2940K, capacity 3047K, committed 3072K, reserved 1048576K
}

Deoptimization events (10 events):
Event: 270456.870 Thread 0x00007fc1c6870800 Uncommon trap: reason=unstable_if action=reinterpret pc=0x00000001100eb5d8 method=sun.font.GlyphList.getInstance()Lsun/font/GlyphList; @ 3
Event: 270456.889 Thread 0x00007fc1c6870800 Uncommon trap: reason=unstable_if action=reinterpret pc=0x0000000110673de4 method=sun.font.GlyphList.ensureCapacity(I)V @ 41
Event: 270456.956 Thread 0x00007fc1c6870800 Uncommon trap: reason=unstable_if action=reinterpret pc=0x00000001102dced8 method=sun.font.GlyphList.dispose()V @ 4
Event: 270456.960 Thread 0x00007fc1c6870800 Uncommon trap: reason=unstable_if action=reinterpret pc=0x0000000110bfccfc method=sun.font.GlyphList.getInstance()Lsun/font/GlyphList; @ 3
Event: 270457.107 Thread 0x00007fc1c6870800 Uncommon trap: reason=unstable_if action=reinterpret pc=0x0000000110beca20 method=sun.font.GlyphList.getInstance()Lsun/font/GlyphList; @ 3
Event: 270457.900 Thread 0x00007fc1c6870800 Uncommon trap: reason=unstable_if action=reinterpret pc=0x0000000110cde96c method=sun.font.GlyphList.getInstance()Lsun/font/GlyphList; @ 3
Event: 270458.308 Thread 0x00007fc1c6870800 Uncommon trap: reason=unstable_if action=reinterpret pc=0x0000000110cd4cc4 method=sun.font.GlyphList.getInstance()Lsun/font/GlyphList; @ 3
Event: 270458.686 Thread 0x00007fc1c6870800 Uncommon trap: reason=unstable_if action=reinterpret pc=0x0000000110cd1a18 method=sun.font.GlyphList.getInstance()Lsun/font/GlyphList; @ 3
Event: 271655.993 Thread 0x00007fc1c6870800 Uncommon trap: reason=unstable_if action=reinterpret pc=0x000000010ff77b68 method=sun.java2d.SunGraphics2D.getCompClip()Lsun/java2d/pipe/Region; @ 7
Event: 317174.820 Thread 0x00007fc1c6870800 Uncommon trap: reason=unstable_if action=reinterpret pc=0x00000001109ee86c method=sun.java2d.SunGraphics2D.getCompClip()Lsun/java2d/pipe/Region; @ 7

Classes redefined (0 events):
No events

Internal exceptions (10 events):
Event: 72037.924 Thread 0x00007fc1c60d3000 Implicit null exception at 0x0000000110cc8bdc to 0x0000000110ccb6ed
Event: 77847.196 Thread 0x00007fc1c6870800 Implicit null exception at 0x00000001104bcac6 to 0x00000001104bd141
Event: 77847.383 Thread 0x00007fc1c6870800 Implicit null exception at 0x000000011032998c to 0x00000001103299bb
Event: 107314.317 Thread 0x00007fc1c6870800 Implicit null exception at 0x000000011070ad73 to 0x000000011070cc45
Event: 107314.320 Thread 0x00007fc1c6870800 Implicit null exception at 0x0000000110713add to 0x000000011071442d
Event: 108848.806 Thread 0x00007fc1c6870800 Implicit null exception at 0x0000000110e75097 to 0x0000000110e7601d
Event: 108850.049 Thread 0x00007fc1c6870800 Exception <a 'java/lang/NoSuchMethodError': <clinit>> (0x00000007ab5d8960) thrown at [/Users/java_re/workspace/8-2-build-macosx-x86_64/jdk8u201/12322/hotspot/src/share/vm/prims/jni.cpp, line 1613]
Event: 108850.064 Thread 0x00007fc1c6870800 Exception <a 'java/lang/NoSuchMethodError': <clinit>> (0x00000007ab5f1c10) thrown at [/Users/java_re/workspace/8-2-build-macosx-x86_64/jdk8u201/12322/hotspot/src/share/vm/prims/jni.cpp, line 1613]
Event: 163398.751 Thread 0x00007fc1c6870800 Exception <a 'java/lang/NoSuchMethodError': <clinit>> (0x00000007ae6759c8) thrown at [/Users/java_re/workspace/8-2-build-macosx-x86_64/jdk8u201/12322/hotspot/src/share/vm/prims/jni.cpp, line 1613]
Event: 163398.776 Thread 0x00007fc1c6870800 Exception <a 'java/lang/NoSuchMethodError': <clinit>> (0x00000007ae68fb88) thrown at [/Users/java_re/workspace/8-2-build-macosx-x86_64/jdk8u201/12322/hotspot/src/share/vm/prims/jni.cpp, line 1613]

Events (10 events):
Event: 345007.547 Executing VM operation: RevokeBias
Event: 345008.580 Executing VM operation: RevokeBias done
Event: 345008.589 Executing VM operation: RevokeBias
Event: 345008.595 Executing VM operation: RevokeBias done
Event: 345008.597 Executing VM operation: RevokeBias
Event: 345008.613 Executing VM operation: RevokeBias done
Event: 345008.616 Executing VM operation: RevokeBias
Event: 345008.629 Executing VM operation: RevokeBias done
Event: 345012.076 Thread 0x00007fc1c6002800 flushing nmethod 0x000000010ff472d0
Event: 345013.037 Thread 0x00007fc1c6d39800 Thread added: 0x00007fc1c6d39800


Dynamic libraries:
0x00007fff4c4bb000 	/System/Library/Frameworks/Cocoa.framework/Versions/A/Cocoa
0x00007fff58afc000 	/System/Library/Frameworks/Security.framework/Versions/A/Security
0x00007fff4b0fd000 	/System/Library/Frameworks/ApplicationServices.framework/Versions/A/ApplicationServices
0x00007fff749bb000 	/usr/lib/libz.1.dylib
0x00007fff7286d000 	/usr/lib/libSystem.B.dylib
0x00007fff73fa8000 	/usr/lib/libobjc.A.dylib
0x00007fff4cc7c000 	/System/Library/Frameworks/CoreFoundation.framework/Versions/A/CoreFoundation
0x00007fff4edf4000 	/System/Library/Frameworks/Foundation.framework/Versions/C/Foundation
0x00007fff4a24d000 	/System/Library/Frameworks/AppKit.framework/Versions/C/AppKit
0x00007fff4c833000 	/System/Library/Frameworks/CoreData.framework/Versions/A/CoreData
0x00007fff6c1b2000 	/System/Library/PrivateFrameworks/RemoteViewServices.framework/Versions/A/RemoteViewServices
0x00007fff70912000 	/System/Library/PrivateFrameworks/UIFoundation.framework/Versions/A/UIFoundation
0x00007fff60fc4000 	/System/Library/PrivateFrameworks/DFRFoundation.framework/Versions/A/DFRFoundation
0x00007fff51463000 	/System/Library/Frameworks/Metal.framework/Versions/A/Metal
0x00007fff61161000 	/System/Library/PrivateFrameworks/DesktopServicesPriv.framework/Versions/A/DesktopServicesPriv
0x00007fff734f5000 	/usr/lib/libenergytrace.dylib
0x00007fff6e97d000 	/System/Library/PrivateFrameworks/SkyLight.framework/Versions/A/SkyLight
0x00007fff4d118000 	/System/Library/Frameworks/CoreGraphics.framework/Versions/A/CoreGraphics
0x00007fff72868000 	/usr/lib/libScreenReader.dylib
0x00007fff48f5f000 	/System/Library/Frameworks/Accelerate.framework/Versions/A/Accelerate
0x00007fff4f56e000 	/System/Library/Frameworks/IOSurface.framework/Versions/A/IOSurface
0x00007fff4b647000 	/System/Library/Frameworks/AudioToolbox.framework/Versions/A/AudioToolbox
0x00007fff4b8d7000 	/System/Library/Frameworks/AudioUnit.framework/Versions/A/AudioUnit
0x00007fff6105c000 	/System/Library/PrivateFrameworks/DataDetectorsCore.framework/Versions/A/DataDetectorsCore
0x00007fff4bfae000 	/System/Library/Frameworks/Carbon.framework/Versions/A/Frameworks/HIToolbox.framework/Versions/A/HIToolbox
0x00007fff7364f000 	/usr/lib/libicucore.A.dylib
0x00007fff5807b000 	/System/Library/Frameworks/QuartzCore.framework/Versions/A/QuartzCore
0x00007fff6dc34000 	/System/Library/PrivateFrameworks/SignpostNotification.framework/Versions/A/SignpostNotification
0x00007fff4c394000 	/System/Library/Frameworks/Carbon.framework/Versions/A/Frameworks/SpeechRecognition.framework/Versions/A/SpeechRecognition
0x00007fff72a4b000 	/usr/lib/libauto.dylib
0x00007fff748aa000 	/usr/lib/libxml2.2.dylib
0x00007fff60c15000 	/System/Library/PrivateFrameworks/CoreUI.framework/Versions/A/CoreUI
0x00007fff4c70f000 	/System/Library/Frameworks/CoreAudio.framework/Versions/A/CoreAudio
0x00007fff4ec2e000 	/System/Library/Frameworks/DiskArbitration.framework/Versions/A/DiskArbitration
0x00007fff738c3000 	/usr/lib/liblangid.dylib
0x00007fff686bc000 	/System/Library/PrivateFrameworks/MultitouchSupport.framework/Versions/A/MultitouchSupport
0x00007fff4f4d1000 	/System/Library/Frameworks/IOKit.framework/Versions/A/IOKit
0x00007fff724f7000 	/usr/lib/libDiagnosticMessagesClient.dylib
0x00007fff4de0c000 	/System/Library/Frameworks/CoreServices.framework/Versions/A/CoreServices
0x00007fff6a1ee000 	/System/Library/PrivateFrameworks/PerformanceAnalysis.framework/Versions/A/PerformanceAnalysis
0x00007fff5721d000 	/System/Library/Frameworks/OpenGL.framework/Versions/A/OpenGL
0x00007fff4c4c9000 	/System/Library/Frameworks/ColorSync.framework/Versions/A/ColorSync
0x00007fff4d748000 	/System/Library/Frameworks/CoreImage.framework/Versions/A/CoreImage
0x00007fff4e79c000 	/System/Library/Frameworks/CoreText.framework/Versions/A/CoreText
0x00007fff4f5cc000 	/System/Library/Frameworks/ImageIO.framework/Versions/A/ImageIO
0x00007fff5d90c000 	/System/Library/PrivateFrameworks/Backup.framework/Versions/A/Backup
0x00007fff72919000 	/usr/lib/libarchive.2.dylib
0x00007fff4bbfa000 	/System/Library/Frameworks/CFNetwork.framework/Versions/A/CFNetwork
0x00007fff5928f000 	/System/Library/Frameworks/SystemConfiguration.framework/Versions/A/SystemConfiguration
0x00007fff72420000 	/usr/lib/libCRFSuite.dylib
0x00007fff72b24000 	/usr/lib/libc++.1.dylib
0x00007fff72b7b000 	/usr/lib/libc++abi.dylib
0x00007fff74a69000 	/usr/lib/system/libcache.dylib
0x00007fff74a6e000 	/usr/lib/system/libcommonCrypto.dylib
0x00007fff74a79000 	/usr/lib/system/libcompiler_rt.dylib
0x00007fff74a81000 	/usr/lib/system/libcopyfile.dylib
0x00007fff74a8b000 	/usr/lib/system/libcorecrypto.dylib
0x00007fff74b98000 	/usr/lib/system/libdispatch.dylib
0x00007fff74bd2000 	/usr/lib/system/libdyld.dylib
0x00007fff74bf0000 	/usr/lib/system/libkeymgr.dylib
0x00007fff74bfe000 	/usr/lib/system/liblaunch.dylib
0x00007fff74bff000 	/usr/lib/system/libmacho.dylib
0x00007fff74c04000 	/usr/lib/system/libquarantine.dylib
0x00007fff74c07000 	/usr/lib/system/libremovefile.dylib
0x00007fff74c09000 	/usr/lib/system/libsystem_asl.dylib
0x00007fff74c21000 	/usr/lib/system/libsystem_blocks.dylib
0x00007fff74c22000 	/usr/lib/system/libsystem_c.dylib
0x00007fff74cac000 	/usr/lib/system/libsystem_configuration.dylib
0x00007fff74cb0000 	/usr/lib/system/libsystem_coreservices.dylib
0x00007fff74cb4000 	/usr/lib/system/libsystem_darwin.dylib
0x00007fff74cb6000 	/usr/lib/system/libsystem_dnssd.dylib
0x00007fff74cbd000 	/usr/lib/system/libsystem_info.dylib
0x00007fff74d2e000 	/usr/lib/system/libsystem_m.dylib
0x00007fff74d7a000 	/usr/lib/system/libsystem_malloc.dylib
0x00007fff74d9a000 	/usr/lib/system/libsystem_network.dylib
0x00007fff74ecb000 	/usr/lib/system/libsystem_networkextension.dylib
0x00007fff74ed6000 	/usr/lib/system/libsystem_notify.dylib
0x00007fff74ef4000 	/usr/lib/system/libsystem_sandbox.dylib
0x00007fff74ef8000 	/usr/lib/system/libsystem_secinit.dylib
0x00007fff74d07000 	/usr/lib/system/libsystem_kernel.dylib
0x00007fff74ee0000 	/usr/lib/system/libsystem_platform.dylib
0x00007fff74ee8000 	/usr/lib/system/libsystem_pthread.dylib
0x00007fff74efa000 	/usr/lib/system/libsystem_symptoms.dylib
0x00007fff74f02000 	/usr/lib/system/libsystem_trace.dylib
0x00007fff74f17000 	/usr/lib/system/libunwind.dylib
0x00007fff74f1d000 	/usr/lib/system/libxpc.dylib
0x00007fff72333000 	/usr/lib/closure/libclosured.dylib
0x00007fff72b05000 	/usr/lib/libbsm.0.dylib
0x00007fff74bf1000 	/usr/lib/system/libkxld.dylib
0x00007fff72731000 	/usr/lib/libOpenScriptingUtil.dylib
0x00007fff72e74000 	/usr/lib/libcoretls.dylib
0x00007fff72e8d000 	/usr/lib/libcoretls_cfhelpers.dylib
0x00007fff743ac000 	/usr/lib/libpam.2.dylib
0x00007fff744d3000 	/usr/lib/libsqlite3.dylib
0x00007fff74899000 	/usr/lib/libxar.1.dylib
0x00007fff72b16000 	/usr/lib/libbz2.1.0.dylib
0x00007fff738c5000 	/usr/lib/liblzma.5.dylib
0x00007fff73da6000 	/usr/lib/libnetwork.dylib
0x00007fff72902000 	/usr/lib/libapple_nghttp2.dylib
0x00007fff743b3000 	/usr/lib/libpcap.A.dylib
0x00007fff72a4c000 	/usr/lib/libboringssl.dylib
0x00007fff74834000 	/usr/lib/libusrtcp.dylib
0x00007fff72901000 	/usr/lib/libapple_crypto.dylib
0x00007fff4e18f000 	/System/Library/Frameworks/CoreServices.framework/Versions/A/Frameworks/FSEvents.framework/Versions/A/FSEvents
0x00007fff4de82000 	/System/Library/Frameworks/CoreServices.framework/Versions/A/Frameworks/CarbonCore.framework/Versions/A/CarbonCore
0x00007fff4e356000 	/System/Library/Frameworks/CoreServices.framework/Versions/A/Frameworks/Metadata.framework/Versions/A/Metadata
0x00007fff4e407000 	/System/Library/Frameworks/CoreServices.framework/Versions/A/Frameworks/OSServices.framework/Versions/A/OSServices
0x00007fff4e468000 	/System/Library/Frameworks/CoreServices.framework/Versions/A/Frameworks/SearchKit.framework/Versions/A/SearchKit
0x00007fff4de0d000 	/System/Library/Frameworks/CoreServices.framework/Versions/A/Frameworks/AE.framework/Versions/A/AE
0x00007fff4e198000 	/System/Library/Frameworks/CoreServices.framework/Versions/A/Frameworks/LaunchServices.framework/Versions/A/LaunchServices
0x00007fff4e15a000 	/System/Library/Frameworks/CoreServices.framework/Versions/A/Frameworks/DictionaryServices.framework/Versions/A/DictionaryServices
0x00007fff4e4d7000 	/System/Library/Frameworks/CoreServices.framework/Versions/A/Frameworks/SharedFileList.framework/Versions/A/SharedFileList
0x00007fff52699000 	/System/Library/Frameworks/NetFS.framework/Versions/A/NetFS
0x00007fff6894d000 	/System/Library/PrivateFrameworks/NetAuth.framework/Versions/A/NetAuth
0x00007fff721ca000 	/System/Library/PrivateFrameworks/login.framework/Versions/A/Frameworks/loginsupport.framework/Versions/A/loginsupport
0x00007fff7058f000 	/System/Library/PrivateFrameworks/TCC.framework/Versions/A/TCC
0x00007fff739a6000 	/usr/lib/libmecabra.dylib
0x00007fff4b0fe000 	/System/Library/Frameworks/ApplicationServices.framework/Versions/A/Frameworks/ATS.framework/Versions/A/ATS
0x00007fff4b4ac000 	/System/Library/Frameworks/ApplicationServices.framework/Versions/A/Frameworks/ColorSyncLegacy.framework/Versions/A/ColorSyncLegacy
0x00007fff4b550000 	/System/Library/Frameworks/ApplicationServices.framework/Versions/A/Frameworks/HIServices.framework/Versions/A/HIServices
0x00007fff4b5a3000 	/System/Library/Frameworks/ApplicationServices.framework/Versions/A/Frameworks/LangAnalysis.framework/Versions/A/LangAnalysis
0x00007fff4b5b2000 	/System/Library/Frameworks/ApplicationServices.framework/Versions/A/Frameworks/PrintCore.framework/Versions/A/PrintCore
0x00007fff4b5ff000 	/System/Library/Frameworks/ApplicationServices.framework/Versions/A/Frameworks/QD.framework/Versions/A/QD
0x00007fff4b63a000 	/System/Library/Frameworks/ApplicationServices.framework/Versions/A/Frameworks/SpeechSynthesis.framework/Versions/A/SpeechSynthesis
0x00007fff4cb98000 	/System/Library/Frameworks/CoreDisplay.framework/Versions/A/CoreDisplay
0x00007fff48f78000 	/System/Library/Frameworks/Accelerate.framework/Versions/A/Frameworks/vImage.framework/Versions/A/vImage
0x00007fff49f59000 	/System/Library/Frameworks/Accelerate.framework/Versions/A/Frameworks/vecLib.framework/Versions/A/vecLib
0x00007fff49d2e000 	/System/Library/Frameworks/Accelerate.framework/Versions/A/Frameworks/vecLib.framework/Versions/A/libvDSP.dylib
0x00007fff49868000 	/System/Library/Frameworks/Accelerate.framework/Versions/A/Frameworks/vecLib.framework/Versions/A/libBNNS.dylib
0x00007fff49c94000 	/System/Library/Frameworks/Accelerate.framework/Versions/A/Frameworks/vecLib.framework/Versions/A/libQuadrature.dylib
0x00007fff49ea2000 	/System/Library/Frameworks/Accelerate.framework/Versions/A/Frameworks/vecLib.framework/Versions/A/libvMisc.dylib
0x00007fff498a3000 	/System/Library/Frameworks/Accelerate.framework/Versions/A/Frameworks/vecLib.framework/Versions/A/libLAPACK.dylib
0x00007fff496c7000 	/System/Library/Frameworks/Accelerate.framework/Versions/A/Frameworks/vecLib.framework/Versions/A/libBLAS.dylib
0x00007fff49c7d000 	/System/Library/Frameworks/Accelerate.framework/Versions/A/Frameworks/vecLib.framework/Versions/A/libLinearAlgebra.dylib
0x00007fff49c9a000 	/System/Library/Frameworks/Accelerate.framework/Versions/A/Frameworks/vecLib.framework/Versions/A/libSparse.dylib
0x00007fff49d1b000 	/System/Library/Frameworks/Accelerate.framework/Versions/A/Frameworks/vecLib.framework/Versions/A/libSparseBLAS.dylib
0x00007fff657a0000 	/System/Library/PrivateFrameworks/GPUWrangler.framework/Versions/A/GPUWrangler
0x00007fff66f31000 	/System/Library/PrivateFrameworks/IOAccelerator.framework/Versions/A/IOAccelerator
0x00007fff66f3c000 	/System/Library/PrivateFrameworks/IOPresentment.framework/Versions/A/IOPresentment
0x00007fff60fd6000 	/System/Library/PrivateFrameworks/DSExternalDisplay.framework/Versions/A/DSExternalDisplay
0x00007fff5669c000 	/System/Library/Frameworks/OpenGL.framework/Versions/A/Libraries/libCoreFSCache.dylib
0x00007fff4e8ed000 	/System/Library/Frameworks/CoreVideo.framework/Versions/A/CoreVideo
0x00007fff6651b000 	/System/Library/PrivateFrameworks/GraphVisualizer.framework/Versions/A/GraphVisualizer
0x00007fff5169a000 	/System/Library/Frameworks/MetalPerformanceShaders.framework/Versions/A/MetalPerformanceShaders
0x00007fff7252f000 	/usr/lib/libFosl_dynamic.dylib
0x00007fff620aa000 	/System/Library/PrivateFrameworks/FaceCore.framework/Versions/A/FaceCore
0x00007fff55497000 	/System/Library/Frameworks/OpenCL.framework/Versions/A/OpenCL
0x00007fff72bb2000 	/usr/lib/libcompression.dylib
0x00007fff4b1fd000 	/System/Library/Frameworks/ApplicationServices.framework/Versions/A/Frameworks/ATS.framework/Versions/A/Resources/libFontParser.dylib
0x00007fff4b320000 	/System/Library/Frameworks/ApplicationServices.framework/Versions/A/Frameworks/ATS.framework/Versions/A/Resources/libFontRegistry.dylib
0x00007fff4f837000 	/System/Library/Frameworks/ImageIO.framework/Versions/A/Resources/libJPEG.dylib
0x00007fff4fb61000 	/System/Library/Frameworks/ImageIO.framework/Versions/A/Resources/libTIFF.dylib
0x00007fff4fb37000 	/System/Library/Frameworks/ImageIO.framework/Versions/A/Resources/libPng.dylib
0x00007fff4f74a000 	/System/Library/Frameworks/ImageIO.framework/Versions/A/Resources/libGIF.dylib
0x00007fff4f74f000 	/System/Library/Frameworks/ImageIO.framework/Versions/A/Resources/libJP2.dylib
0x00007fff4fb5e000 	/System/Library/Frameworks/ImageIO.framework/Versions/A/Resources/libRadiance.dylib
0x00007fff5d037000 	/System/Library/PrivateFrameworks/AppleJPEG.framework/Versions/A/AppleJPEG
0x00007fff51501000 	/System/Library/Frameworks/MetalPerformanceShaders.framework/Frameworks/MPSCore.framework/Versions/A/MPSCore
0x00007fff5151d000 	/System/Library/Frameworks/MetalPerformanceShaders.framework/Frameworks/MPSImage.framework/Versions/A/MPSImage
0x00007fff515b2000 	/System/Library/Frameworks/MetalPerformanceShaders.framework/Frameworks/MPSNeuralNetwork.framework/Versions/A/MPSNeuralNetwork
0x00007fff5158d000 	/System/Library/Frameworks/MetalPerformanceShaders.framework/Frameworks/MPSMatrix.framework/Versions/A/MPSMatrix
0x00007fff68432000 	/System/Library/PrivateFrameworks/MetalTools.framework/Versions/A/MetalTools
0x00007fff56867000 	/System/Library/Frameworks/OpenGL.framework/Versions/A/Libraries/libGLU.dylib
0x00007fff566a7000 	/System/Library/Frameworks/OpenGL.framework/Versions/A/Libraries/libGFXShared.dylib
0x00007fff566b1000 	/System/Library/Frameworks/OpenGL.framework/Versions/A/Libraries/libGL.dylib
0x00007fff566bd000 	/System/Library/Frameworks/OpenGL.framework/Versions/A/Libraries/libGLImage.dylib
0x00007fff56699000 	/System/Library/Frameworks/OpenGL.framework/Versions/A/Libraries/libCVMSPluginSupport.dylib
0x00007fff566a2000 	/System/Library/Frameworks/OpenGL.framework/Versions/A/Libraries/libCoreVMClient.dylib
0x00007fff7335f000 	/usr/lib/libcups.2.dylib
0x00007fff50a68000 	/System/Library/Frameworks/Kerberos.framework/Versions/A/Kerberos
0x00007fff4f22b000 	/System/Library/Frameworks/GSS.framework/Versions/A/GSS
0x00007fff74466000 	/usr/lib/libresolv.9.dylib
0x00007fff7355d000 	/usr/lib/libiconv.2.dylib
0x00007fff665ad000 	/System/Library/PrivateFrameworks/Heimdal.framework/Versions/A/Heimdal
0x00007fff7352c000 	/usr/lib/libheimdal-asn1.dylib
0x00007fff5550f000 	/System/Library/Frameworks/OpenDirectory.framework/Versions/A/OpenDirectory
0x00007fff5f34d000 	/System/Library/PrivateFrameworks/CommonAuth.framework/Versions/A/CommonAuth
0x00007fff554f2000 	/System/Library/Frameworks/OpenDirectory.framework/Versions/A/Frameworks/CFOpenDirectory.framework/Versions/A/CFOpenDirectory
0x00007fff58e28000 	/System/Library/Frameworks/SecurityFoundation.framework/Versions/A/SecurityFoundation
0x00007fff5c1fc000 	/System/Library/PrivateFrameworks/APFS.framework/Versions/A/APFS
0x00007fff74895000 	/usr/lib/libutil.dylib
0x00007fff5d0ba000 	/System/Library/PrivateFrameworks/AppleSauce.framework/Versions/A/AppleSauce
0x00007fff67719000 	/System/Library/PrivateFrameworks/LinguisticData.framework/Versions/A/LinguisticData
0x00007fff738df000 	/usr/lib/libmarisa.dylib
0x00007fff676d3000 	/System/Library/PrivateFrameworks/Lexicon.framework/Versions/A/Lexicon
0x00007fff7245a000 	/usr/lib/libChineseTokenizer.dylib
0x00007fff72ba1000 	/usr/lib/libcmph.dylib
0x00007fff675dd000 	/System/Library/PrivateFrameworks/LanguageModeling.framework/Versions/A/LanguageModeling
0x00007fff5fe5c000 	/System/Library/PrivateFrameworks/CoreEmoji.framework/Versions/A/CoreEmoji
0x00007fff58ee6000 	/System/Library/Frameworks/ServiceManagement.framework/Versions/A/ServiceManagement
0x00007fff5d904000 	/System/Library/PrivateFrameworks/BackgroundTaskManagement.framework/Versions/A/BackgroundTaskManagement
0x00007fff74992000 	/usr/lib/libxslt.1.dylib
0x00007fff4c2be000 	/System/Library/Frameworks/Carbon.framework/Versions/A/Frameworks/Ink.framework/Versions/A/Ink
0x00007fff707a4000 	/System/Library/PrivateFrameworks/TextureIO.framework/Versions/A/TextureIO
0x00007fff72944000 	/usr/lib/libate.dylib
0x00007fff60f36000 	/System/Library/PrivateFrameworks/CrashReporterSupport.framework/Versions/A/CrashReporterSupport
0x00007fff6daf4000 	/System/Library/PrivateFrameworks/Sharing.framework/Versions/A/Sharing
0x00007fff6731e000 	/System/Library/PrivateFrameworks/IconServices.framework/Versions/A/IconServices
0x00007fff5d534000 	/System/Library/PrivateFrameworks/AuthKit.framework/Versions/A/AuthKit
0x00007fff5ceba000 	/System/Library/PrivateFrameworks/Apple80211.framework/Versions/A/Apple80211
0x00007fff60d4b000 	/System/Library/PrivateFrameworks/CoreUtils.framework/Versions/A/CoreUtils
0x00007fff4e928000 	/System/Library/Frameworks/CoreWLAN.framework/Versions/A/CoreWLAN
0x00007fff4f36d000 	/System/Library/Frameworks/IOBluetooth.framework/Versions/A/IOBluetooth
0x00007fff6bfbd000 	/System/Library/PrivateFrameworks/ProtocolBuffer.framework/Versions/A/ProtocolBuffer
0x00007fff68617000 	/System/Library/PrivateFrameworks/MobileKeyBag.framework/Versions/A/MobileKeyBag
0x00007fff60600000 	/System/Library/PrivateFrameworks/CorePhoneNumbers.framework/Versions/A/CorePhoneNumbers
0x00007fff5cff2000 	/System/Library/PrivateFrameworks/AppleIDAuthSupport.framework/Versions/A/AppleIDAuthSupport
0x00007fff675c9000 	/System/Library/PrivateFrameworks/KeychainCircle.framework/Versions/A/KeychainCircle
0x00007fff60ed1000 	/System/Library/PrivateFrameworks/CoreWiFi.framework/Versions/A/CoreWiFi
0x00007fff4c809000 	/System/Library/Frameworks/CoreBluetooth.framework/Versions/A/CoreBluetooth
0x00007fff61120000 	/System/Library/PrivateFrameworks/DebugSymbols.framework/Versions/A/DebugSymbols
0x00007fff60b01000 	/System/Library/PrivateFrameworks/CoreSymbolication.framework/Versions/A/CoreSymbolication
0x00007fff6ff95000 	/System/Library/PrivateFrameworks/Symbolication.framework/Versions/A/Symbolication
0x00007fff5cee4000 	/System/Library/PrivateFrameworks/AppleFSCompression.framework/Versions/A/AppleFSCompression
0x00007fff6f3e2000 	/System/Library/PrivateFrameworks/SpeechRecognitionCore.framework/Versions/A/SpeechRecognitionCore
0x0000000107c00000 	/Library/Java/JavaVirtualMachines/jdk1.8.0_201.jdk/Contents/Home/jre/lib/server/libjvm.dylib
0x00007fff74762000 	/usr/lib/libstdc++.6.0.9.dylib
0x0000000107352000 	/Library/Java/JavaVirtualMachines/jdk1.8.0_201.jdk/Contents/Home/jre/lib/libverify.dylib
0x0000000107360000 	/Library/Java/JavaVirtualMachines/jdk1.8.0_201.jdk/Contents/Home/jre/lib/libjava.dylib
0x00000001073e0000 	/Library/Java/JavaVirtualMachines/jdk1.8.0_201.jdk/Contents/Home/jre/lib/libzip.dylib
0x000000010e868000 	/Library/Java/JavaVirtualMachines/jdk1.8.0_201.jdk/Contents/Home/jre/lib/libawt.dylib
0x000000010e911000 	/Library/Java/JavaVirtualMachines/jdk1.8.0_201.jdk/Contents/Home/jre/lib/./libmlib_image.dylib
0x00007fff50a51000 	/System/Library/Frameworks/JavaVM.framework/Versions/A/Frameworks/JavaNativeFoundation.framework/Versions/A/JavaNativeFoundation
0x00007fff50a5a000 	/System/Library/Frameworks/JavaVM.framework/Versions/A/Frameworks/JavaRuntimeSupport.framework/Versions/A/JavaRuntimeSupport
0x00007fff50a63000 	/System/Library/Frameworks/JavaVM.framework/Versions/A/JavaVM
0x00007fff674df000 	/System/Library/PrivateFrameworks/JavaLaunching.framework/Versions/A/JavaLaunching
0x00007fff4bfa9000 	/System/Library/Frameworks/Carbon.framework/Versions/A/Carbon
0x00007fff4bfaa000 	/System/Library/Frameworks/Carbon.framework/Versions/A/Frameworks/CommonPanels.framework/Versions/A/CommonPanels
0x00007fff4c2b4000 	/System/Library/Frameworks/Carbon.framework/Versions/A/Frameworks/Help.framework/Versions/A/Help
0x00007fff4c2b8000 	/System/Library/Frameworks/Carbon.framework/Versions/A/Frameworks/ImageCapture.framework/Versions/A/ImageCapture
0x00007fff4c354000 	/System/Library/Frameworks/Carbon.framework/Versions/A/Frameworks/OpenScripting.framework/Versions/A/OpenScripting
0x00007fff4c38f000 	/System/Library/Frameworks/Carbon.framework/Versions/A/Frameworks/Print.framework/Versions/A/Print
0x00007fff4c391000 	/System/Library/Frameworks/Carbon.framework/Versions/A/Frameworks/SecurityHI.framework/Versions/A/SecurityHI
0x000000010e9dd000 	/Library/Java/JavaVirtualMachines/jdk1.8.0_201.jdk/Contents/Home/jre/lib/libawt_lwawt.dylib
0x000000010ea97000 	/Library/Java/JavaVirtualMachines/jdk1.8.0_201.jdk/Contents/Home/jre/lib/./libosxapp.dylib
0x00007fff4edcd000 	/System/Library/Frameworks/ExceptionHandling.framework/Versions/A/ExceptionHandling
0x00007fff60793000 	/System/Library/PrivateFrameworks/CoreServicesInternal.framework/Versions/A/CoreServicesInternal
0x00007fff44f9d000 	/System/Library/CoreServices/RawCamera.bundle/Contents/MacOS/RawCamera
0x00007fff684a4000 	/System/Library/PrivateFrameworks/MobileAsset.framework/Versions/A/MobileAsset
0x00007fff6f89c000 	/System/Library/PrivateFrameworks/StreamingZip.framework/Versions/A/StreamingZip
0x00007fff50df7000 	/System/Library/Frameworks/MediaToolbox.framework/Versions/A/MediaToolbox
0x00007fff5fa9b000 	/System/Library/PrivateFrameworks/CoreAVCHD.framework/Versions/A/CoreAVCHD
0x00007fff50d40000 	/System/Library/Frameworks/MediaAccessibility.framework/Versions/A/MediaAccessibility
0x00007fff67f1f000 	/System/Library/PrivateFrameworks/Mangrove.framework/Versions/A/Mangrove
0x00007fff4dcc6000 	/System/Library/Frameworks/CoreMedia.framework/Versions/A/CoreMedia
0x00007fff594b4000 	/System/Library/Frameworks/VideoToolbox.framework/Versions/A/VideoToolbox
0x00007fff5f692000 	/System/Library/PrivateFrameworks/CoreAUC.framework/Versions/A/CoreAUC
0x00007fff744d1000 	/usr/lib/libspindump.dylib
0x00007fff5d1af000 	/System/Library/PrivateFrameworks/AppleVA.framework/Versions/A/AppleVA
0x00007fff48f60000 	/System/Library/Frameworks/Accelerate.framework/Versions/A/Frameworks/vImage.framework/Versions/A/Libraries/libCGInterfaces.dylib
0x00007fff4b40f000 	/System/Library/Frameworks/ApplicationServices.framework/Versions/A/Frameworks/ATS.framework/Versions/A/Resources/libTrueTypeScaler.dylib
0x00007fff46622000 	/System/Library/Extensions/AppleIntelBDWGraphicsMTLDriver.bundle/Contents/MacOS/AppleIntelBDWGraphicsMTLDriver
0x00007fff64134000 	/System/Library/PrivateFrameworks/GPUCompiler.framework/Versions/3802/Libraries/libmetal_timestamp.dylib
0x00007fff624e2000 	/System/Library/PrivateFrameworks/FamilyControls.framework/Versions/A/FamilyControls
0x00007fff5f340000 	/System/Library/PrivateFrameworks/CommerceKit.framework/Versions/A/Frameworks/CommerceCore.framework/Versions/A/CommerceCore
0x00007fff702e4000 	/System/Library/PrivateFrameworks/SystemAdministration.framework/Versions/A/SystemAdministration
0x00007fff5ce6d000 	/System/Library/PrivateFrameworks/AppContainer.framework/Versions/A/AppContainer
0x00007fff6d9ac000 	/System/Library/PrivateFrameworks/SecCodeWrapper.framework/Versions/A/SecCodeWrapper
0x00007fff6146e000 	/System/Library/PrivateFrameworks/DiskManagement.framework/Versions/A/DiskManagement
0x00007fff4eb41000 	/System/Library/Frameworks/DirectoryService.framework/Versions/A/DirectoryService
0x00007fff6139b000 	/System/Library/PrivateFrameworks/DiskImages.framework/Versions/A/DiskImages
0x00007fff67810000 	/System/Library/PrivateFrameworks/LoginUIKit.framework/Versions/A/Frameworks/LoginUICore.framework/Versions/A/LoginUICore
0x00007fff72466000 	/usr/lib/libCoreStorage.dylib
0x00007fff73353000 	/usr/lib/libcsfde.dylib
0x00007fff7439a000 	/usr/lib/libodfde.dylib
0x00007fff6803e000 	/System/Library/PrivateFrameworks/MediaKit.framework/Versions/A/MediaKit
0x00007fff4eb4d000 	/System/Library/Frameworks/DiscRecording.framework/Versions/A/DiscRecording
0x00007fff615ea000 	/System/Library/PrivateFrameworks/EFILogin.framework/Versions/A/EFILogin
0x00007fff6bf65000 	/System/Library/PrivateFrameworks/ProtectedCloudStorage.framework/Versions/A/ProtectedCloudStorage
0x00007fff733e0000 	/usr/lib/libcurl.4.dylib
0x00007fff73027000 	/usr/lib/libcrypto.35.dylib
0x00007fff746bc000 	/usr/lib/libssl.35.dylib
0x00007fff50a82000 	/System/Library/Frameworks/LDAP.framework/Versions/A/LDAP
0x00007fff7090b000 	/System/Library/PrivateFrameworks/TrustEvaluationAgent.framework/Versions/A/TrustEvaluationAgent
0x00007fff744be000 	/usr/lib/libsasl2.2.dylib
0x00007fff5fce5000 	/System/Library/PrivateFrameworks/CoreDaemon.framework/Versions/B/CoreDaemon
0x00007fff5d0b1000 	/System/Library/PrivateFrameworks/AppleSRP.framework/Versions/A/AppleSRP
0x00000001201ab000 	/Library/Java/JavaVirtualMachines/jdk1.8.0_201.jdk/Contents/Home/jre/lib/libfontmanager.dylib
0x00007fff5722d000 	/System/Library/Frameworks/OpenGL.framework/Versions/A/Resources/GLEngine.bundle/GLEngine
0x00007fff566f9000 	/System/Library/Frameworks/OpenGL.framework/Versions/A/Libraries/libGLProgrammability.dylib
0x0000000120212000 	/System/Library/Extensions/AppleIntelBDWGraphicsGLDriver.bundle/Contents/MacOS/AppleIntelBDWGraphicsGLDriver
0x00007fff65794000 	/System/Library/PrivateFrameworks/GPUSupport.framework/Versions/A/Libraries/libGPUSupportMercury.dylib
0x00007fff573c5000 	/System/Library/Frameworks/OpenGL.framework/Versions/A/Resources/GLRendererFloat.bundle/GLRendererFloat
0x00007fff5548e000 	/System/Library/Frameworks/OpenCL.framework/Versions/A/Libraries/libcldcpuengine.dylib
0x0000000121678000 	/Library/Java/JavaVirtualMachines/jdk1.8.0_201.jdk/Contents/Home/jre/lib/libnet.dylib
0x00000001218be000 	/Library/Java/JavaVirtualMachines/jdk1.8.0_201.jdk/Contents/Home/jre/lib/libnio.dylib
0x000000018cd82000 	/Library/Java/JavaVirtualMachines/jdk1.8.0_201.jdk/Contents/Home/jre/lib/libdcpr.dylib
0x00007fff721cd000 	/System/Library/PrivateFrameworks/login.framework/Versions/A/login

VM Arguments:
jvm_args: -Xmx1000M -Dswing.defaultlaf=javax.swing.plaf.metal.MetalLookAndFeel -Dfile.encoding=UTF-8 
java_command: org.locationtech.jtstest.testbuilder.JTSTestBuilder
java_class_path (initial): /Users/mdavis/proj/jts/git/jts/modules/app/target/classes:/Users/mdavis/proj/jts/git/jts/modules/core/target/test-classes:/Users/mdavis/proj/jts/git/jts/modules/core/target/classes:/Users/mdavis/.m2/repository/junit/junit/3.7/junit-3.7.jar:/Users/mdavis/proj/jts/git/jts/modules/tests/target/test-classes:/Users/mdavis/proj/jts/git/jts/modules/tests/target/classes:/Users/mdavis/.m2/repository/org/jdom/jdom2/2.0.6/jdom2-2.0.6.jar:/Users/mdavis/.m2/repository/org/apache/commons/commons-lang3/3.7/commons-lang3-3.7.jar:/Users/mdavis/proj/jts/git/jts/modules/io/common/target/test-classes:/Users/mdavis/proj/jts/git/jts/modules/io/common/target/classes:/Users/mdavis/.m2/repository/com/googlecode/json-simple/json-simple/1.1.1/json-simple-1.1.1.jar
Launcher Type: SUN_STANDARD

Environment Variables:
PATH=/usr/bin:/bin:/usr/sbin:/sbin
SHELL=/bin/bash

Signal Handlers:
SIGSEGV: [libjvm.dylib+0x5b723d], sa_mask[0]=11111111011111110111111111111111, sa_flags=SA_ONSTACK|SA_RESTART|SA_SIGINFO
SIGBUS: [libjvm.dylib+0x5b723d], sa_mask[0]=11111111011111110111111111111111, sa_flags=SA_RESTART|SA_SIGINFO
SIGFPE: [libjvm.dylib+0x48c9bc], sa_mask[0]=11111111011111110111111111111111, sa_flags=SA_RESTART|SA_SIGINFO
SIGPIPE: [libjvm.dylib+0x48c9bc], sa_mask[0]=11111111011111110111111111111111, sa_flags=SA_RESTART|SA_SIGINFO
SIGXFSZ: [libjvm.dylib+0x48c9bc], sa_mask[0]=11111111011111110111111111111111, sa_flags=SA_RESTART|SA_SIGINFO
SIGILL: [libjvm.dylib+0x48c9bc], sa_mask[0]=11111111011111110111111111111111, sa_flags=SA_RESTART|SA_SIGINFO
SIGUSR1: SIG_DFL, sa_mask[0]=00000000000000000000000000000000, sa_flags=none
SIGUSR2: [libjvm.dylib+0x48c4da], sa_mask[0]=00100000000000000000000000000000, sa_flags=SA_RESTART|SA_SIGINFO
SIGHUP: [libjvm.dylib+0x48aa65], sa_mask[0]=11111111011111110111111111111111, sa_flags=SA_RESTART|SA_SIGINFO
SIGINT: [libjvm.dylib+0x48aa65], sa_mask[0]=11111111011111110111111111111111, sa_flags=SA_RESTART|SA_SIGINFO
SIGTERM: [libjvm.dylib+0x48aa65], sa_mask[0]=11111111011111110111111111111111, sa_flags=SA_RESTART|SA_SIGINFO
SIGQUIT: [libjvm.dylib+0x48aa65], sa_mask[0]=11111111011111110111111111111111, sa_flags=SA_RESTART|SA_SIGINFO


---------------  S Y S T E M  ---------------

OS:Bsduname:Darwin 17.7.0 Darwin Kernel Version 17.7.0: Thu Jun 21 22:53:14 PDT 2018; root:xnu-4570.71.2~1/RELEASE_X86_64 x86_64
rlimit: STACK 8192k, CORE 0k, NPROC 709, NOFILE 10240, AS infinity
load average:38.94 16.97 9.58

CPU:total 4 (initial active 4) (2 cores per cpu, 2 threads per core) family 6 model 61 stepping 4, cmov, cx8, fxsr, mmx, sse, sse2, sse3, ssse3, sse4.1, sse4.2, popcnt, avx, avx2, aes, clmul, erms, rtm, 3dnowpref, lzcnt, ht, tsc, tscinvbit, bmi1, bmi2, adx

Memory: 4k page, physical 8388608k(21936k free)

/proc/meminfo:


vm_info: Java HotSpot(TM) 64-Bit Server VM (25.201-b09) for bsd-amd64 JRE (1.8.0_201-b09), built on Dec 15 2018 18:35:23 by "java_re" with gcc 4.2.1 (Based on Apple Inc. build 5658) (LLVM build 2336.11.00)

time: Thu May  9 07:28:16 2019
timezone: PDT
elapsed time: 345013 seconds (3d 23h 50m 13s)

